        -:    0:Source:C:/Desktop/OOP/lab6/repository.h
        -:    0:Graph:C:\Desktop\OOP\lab6\cmake-build-debug-coverage\CMakeFiles\lab6.dir\main.cpp.gcno
        -:    0:Data:C:\Desktop\OOP\lab6\cmake-build-debug-coverage\CMakeFiles\lab6.dir\main.cpp.gcda
        -:    0:Runs:1
        -:    1://
        -:    2:// Created by Daniel on 25.03.2022.
        -:    3://
        -:    4:
        -:    5:#ifndef LAB6_REPOSITORY_H
        -:    6:#define LAB6_REPOSITORY_H
        -:    7:
        -:    8:#include <type_traits>
        -:    9:#include <vector>
        -:   10:#include <algorithm>
        -:   11:#include <memory>
        -:   12:
        -:   13:#include "exceptions.h"
        -:   14:using std::vector;
        -:   15:using std::unique_ptr;
        -:   16:
        -:   17:template<typename T>
        -:   18:class Repository{
        -:   19:    friend class TestRepository;
        -:   20:private:
        -:   21:    T* elements;
        -:   22:    int dim;
        -:   23:    int capacity;
        -:   24:    void delete_poz(int poz) {
        -:   25:        for(int i=poz;i<dim-1;++i)
        -:   26:            elements[i] = elements[i+1];
        -:   27:        --dim;
        -:   28:    }
        -:   29:    void adaug(T elem) {
        -:   30:        if(dim>=capacity) realoc();
        -:   31:        elements[dim++] = elem;
        -:   32:    }
        -:   33:    void realoc(){
        -:   34:        T* newelements = new T[2*capacity];
        -:   35:        for(int i=0;i<capacity;++i)
        -:   36:            newelements[i] = elements[i];
        -:   37:        delete[] elements;
        -:   38:        elements = newelements;
        -:   39:        capacity *= 2;
        -:   40:    }
        -:   41:public:
        -:   42:    typedef T* iterator;
        -:   43:    typedef const T* const_iterator;
       11:   44:    Repository(){
       11:   45:        dim = 0;
       11:   46:        capacity = 1;
      22*:   47:        elements = new T[capacity];
       11:   48:    }
        -:   49:    Repository(const Repository<T> & repository) {
        -:   50:        this->elements = new T[repository.capacity];
        -:   51:        dim = repository.dim;
        -:   52:        capacity = repository.capacity;
        -:   53:        for(int i=0;i<capacity;++i)
        -:   54:            elements[i] = repository.elements[i];
        -:   55:    }
        -:   56:
       40:   57:    ~Repository() { delete[] elements; }
        -:   58:
        -:   59:    // indexator, returnez o referinta la obiect
        -:   60:    // arunc RepoException daca pozitia este invalida
        -:   61:    T& operator[](const int& index){
        -:   62:        try{ return elements[index]; }
        -:   63:        catch(...) { throw RepoException("Indexul "+std::to_string(index)+" este invalid!\n");}
        -:   64:    }
        -:   65:
        -:   66:    // returneaza numarul de elemente continute
        -:   67:    int size() const noexcept {return dim; };
        -:   68:
        -:   69:    // adaug un element la finalul containerului
        -:   70:    // arunc RepoException daca elementul se afla in container
        -:   71:    void add(const T & element) {
        -:   72:        Repository<T>::const_iterator it = find(element);
        -:   73:        if(it != NULL) throw RepoException("Element duplicat!\n");
        -:   74:        adaug(element);
        -:   75:    }
        -:   76:
        -:   77:    // returnez o referinta catre primul element egal cu cel dat
        -:   78:    // sau NULL altfel
        -:   79:    // primul iterator indica pozitia de inceput
        -:   80:    // al doilea indica pozitia de final
        -:   81:    // implicit, cautarea de face pe tot containerul
        -:   82:    iterator find(const T & element, T* begin=NULL, T* end=NULL) {
        -:   83:        if(begin == NULL) begin = this->begin();
        -:   84:        if(end == NULL) end = this->end();
        -:   85:        for(auto it=begin; it != end; ++it)
        -:   86:            if(*it == element)
        -:   87:                return it;
        -:   88:        return NULL;
        -:   89:    }
        -:   90:
        -:   91:    // returnez un iterator catre primul element care respecta proprietatea data
        -:   92:    // daca elementul nu este gasit, returnez NULL
        -:   93:    // primul iterator indica pozitia de inceput
        -:   94:    // al doilea indica pozitia de final
        -:   95:    // implicit, cautarea de face pe tot containerul
        -:   96:    template<class UnaryPredicate>
        -:   97:    iterator find(UnaryPredicate fct, T* begin = NULL, T* end = NULL) {
        -:   98:        if(begin == NULL) begin = this->begin();
        -:   99:        if(end == NULL) end = this->end();
        -:  100:        for(auto it=begin; it != end; ++it)
        -:  101:            if(fct(*it))
        -:  102:                return it;
        -:  103:        return NULL;
        -:  104:    }
        -:  105:
        -:  106:    void remove(const T& element) {
        -:  107:        T* it = find(element);
        -:  108:        if(it == NULL) throw RepoException("Elementul inexistent!\n");
        -:  109:
        -:  110:        delete_poz(it - elements);
        -:  111:    }
        -:  112:
        -:  113:    template<class UnaryPredicate>
        -:  114:    T remove(UnaryPredicate fct) {
        -:  115:        T* it = find(fct);
        -:  116:        if(it == NULL) throw RepoException("Elementul inexistent!\n");
        -:  117:        delete_poz(it - elements);
        -:  118:        return *it;
        -:  119:    }
        -:  120:
        -:  121:    template<class Compare = std::less<>>
        -:  122:    void sort(Compare compare = Compare{}) {
        -:  123:        std::sort(elements, elements+dim, compare);
        -:  124:    }
        -:  125:
        -:  126:    // implementez iteratorii de begin si end pentru a putea intera
        -:  127:    iterator begin() { return elements;}
        -:  128:    const_iterator cbegin() const {return elements; };
        -:  129:    iterator end() {return elements+dim;}
        -:  130:    const_iterator cend() const {return elements+dim;}
        -:  131:};
        -:  132:
        -:  133:#endif //LAB6_REPOSITORY_H
        -:  134:
        -:  135:// static_assert(std::is_convertible_v<Callable&&, std::function<Signature>>, "Wrong Signature!");
