        -:    0:Source:C:/Desktop/OOP/lab6/repository.cpp
        -:    0:Graph:C:\Desktop\OOP\lab6\cmake-build-debug-coverage\CMakeFiles\lab6.dir\service.cpp.gcno
        -:    0:Data:C:\Desktop\OOP\lab6\cmake-build-debug-coverage\CMakeFiles\lab6.dir\service.cpp.gcda
        -:    0:Runs:1
        -:    1://
        -:    2:// Created by Daniel on 25.03.2022.
        -:    3://
        -:    4:#pragma once
        -:    5:#include "repository.h"
        -:    6:
        -:    7:template<typename T>
        3:    8:typename vector<T>::iterator Repository<T>::getIterator(T* pointer){ return elements.begin() + (pointer - elements.data()); }
        -:    9:
        -:   10:template<typename T>
        -:   11:Repository<T>::Repository(const Repository<T> & repository) {
        -:   12:    this->elements = repository.elements;
        -:   13:}
        -:   14:
        -:   15:template<typename T>
        -:   16:Repository<T>::Repository(const std::initializer_list<T>& list)
        -:   17:{
        -:   18:    for(const auto& elem : list)
        -:   19:        elements.push_back(elem);
        -:   20:}
        -:   21:
        -:   22:template<typename T>
        -:   23:int Repository<T>::size() const {
        -:   24:    return elements.size();
        -:   25:}
        -:   26:
        -:   27:template<typename T>
        -:   28:T& Repository<T>::operator[](const int& index)
        -:   29:{
        -:   30:    try{ return elements[index]; }
        -:   31:    catch(...) { throw RepoException("Indexul "+std::to_string(index)+" este invalid!\n");}
        -:   32:}
        -:   33:
        -:   34:template<typename T>
       23:   35:void Repository<T>::add(const T & element) {
       23:   36:    const T* it = find(element);
       23:   37:    if(it != NULL) throw RepoException("Element duplicat!\n");
       22:   38:    elements.push_back(element);
       22:   39:}
        -:   40:
        -:   41:template<typename T>
       31:   42:T* Repository<T>::find(const T & element, T* begin, T* end) {
       31:   43:    if(begin == NULL) begin = this->begin();
       31:   44:    if(end == NULL) end = this->end();
       55:   45:    for(auto it=begin; it != end; ++it)
       29:   46:        if(*it == element)
        5:   47:            return it;
       26:   48:    return NULL;
        -:   49:}
        -:   50:
        -:   51:template<typename T> template<class UnaryPredicate>
       11:   52:T* Repository<T>::find(UnaryPredicate fct, T* begin, T* end) {
       11:   53:    if(begin == NULL) begin = this->begin();
       11:   54:    if(end == NULL) end = this->end();
       21:   55:    for(auto it=begin; it != end; ++it)
       17:   56:        if(fct(*it))
        7:   57:            return it;
        4:   58:    return NULL;
        -:   59:}
------------------
_ZN10RepositoryI7LocatarE4findIZN7Service15filterSuprafataERKiEUlRKS0_E_EEPS0_T_S9_S9_:
        2:   52:T* Repository<T>::find(UnaryPredicate fct, T* begin, T* end) {
        2:   53:    if(begin == NULL) begin = this->begin();
        2:   54:    if(end == NULL) end = this->end();
        4:   55:    for(auto it=begin; it != end; ++it)
        3:   56:        if(fct(*it))
        1:   57:            return it;
        1:   58:    return NULL;
        -:   59:}
------------------
_ZN10RepositoryI7LocatarE4findIZN7Service9filterTipERKNSt7__cxx1112basic_stringIcSt11char_traitsIcESaIcEEEEUlRKS0_E_EEPS0_T_SF_SF_:
        5:   52:T* Repository<T>::find(UnaryPredicate fct, T* begin, T* end) {
        5:   53:    if(begin == NULL) begin = this->begin();
        5:   54:    if(end == NULL) end = this->end();
        8:   55:    for(auto it=begin; it != end; ++it)
        6:   56:        if(fct(*it))
        3:   57:            return it;
        2:   58:    return NULL;
        -:   59:}
------------------
_ZN10RepositoryI7LocatarE4findIZN7Service14findApartamentERKiEUlRKS0_E_EEPS0_T_S9_S9_:
        4:   52:T* Repository<T>::find(UnaryPredicate fct, T* begin, T* end) {
        4:   53:    if(begin == NULL) begin = this->begin();
        4:   54:    if(end == NULL) end = this->end();
        9:   55:    for(auto it=begin; it != end; ++it)
        8:   56:        if(fct(*it))
        3:   57:            return it;
        1:   58:    return NULL;
        -:   59:}
------------------
        -:   60:
        -:   61:template<typename T>
        6:   62:void Repository<T>::remove(const T& element) {
        6:   63:    T* it = find(element);
        6:   64:    if(it == NULL) throw RepoException("Elementul inexistent!\n");
        -:   65:
        3:   66:    elements.erase(getIterator(it));
        3:   67:}
        -:   68:
        -:   69:template<typename T> template<class UnaryPredicate>
        -:   70:T Repository<T>::remove(UnaryPredicate fct) {
        -:   71:    T* it = find(fct);
        -:   72:    if(it == NULL) throw RepoException("Elementul inexistent!\n");
        -:   73:    elements.erase(getIterator(it));
        -:   74:    return *it;
        -:   75:}
        -:   76:
        -:   77:template<typename T>
       47:   78:T* Repository<T>::begin() { return elements.begin().base();}
        -:   79:
        -:   80:template<typename T>
       50:   81:T* Repository<T>::end() {return elements.end().base(); }
        -:   82:
        -:   83:template<typename T>
       14:   84:const T* Repository<T>::cbegin() const {return elements.cbegin().base();}
        -:   85:
        -:   86:template<typename T>
        5:   87:const T* Repository<T>::cend() const { return elements.cend().base();}
        -:   88:
        -:   89:
        -:   90:template<typename T> template<class Compare>
        3:   91:void Repository<T>::sort(Compare compare) {
        3:   92:    std::sort(elements.begin(), elements.end(), compare);
        3:   93:}
------------------
_ZN10RepositoryI7LocatarE4sortIZN7Service16sortTipSuprafataEvEUlRKS0_S5_E_EEvT_:
        1:   91:void Repository<T>::sort(Compare compare) {
        1:   92:    std::sort(elements.begin(), elements.end(), compare);
        1:   93:}
------------------
_ZN10RepositoryI7LocatarE4sortIZN7Service13sortSuprafataEvEUlRKS0_S5_E_EEvT_:
        1:   91:void Repository<T>::sort(Compare compare) {
        1:   92:    std::sort(elements.begin(), elements.end(), compare);
        1:   93:}
------------------
_ZN10RepositoryI7LocatarE4sortIZN7Service8sortNumeEvEUlRKS0_S5_E_EEvT_:
        1:   91:void Repository<T>::sort(Compare compare) {
        1:   92:    std::sort(elements.begin(), elements.end(), compare);
        1:   93:}
------------------
