        -:    0:Source:C:/Desktop/OOP/lab6/service.h
        -:    0:Graph:C:\Desktop\OOP\lab6\cmake-build-debug-coverage\CMakeFiles\lab6.dir\tests.cpp.gcno
        -:    0:Data:C:\Desktop\OOP\lab6\cmake-build-debug-coverage\CMakeFiles\lab6.dir\tests.cpp.gcda
        -:    0:Runs:1
        -:    1://
        -:    2:// Created by Daniel on 26.03.2022.
        -:    3://
        -:    4:
        -:    5:#ifndef LAB6_SERVICE_H
        -:    6:#define LAB6_SERVICE_H
        -:    7:
        -:    8:#include "domain.h"
        -:    9:#include "repository.h"
        -:   10:#include "validator.h"
        -:   11:
        -:   12:class Service{
        -:   13:private:
        -:   14:    Repository<Locatar> repository;
        -:   15:public:
        -:   16:    // doar constructor fara parametrii
    #####:   17:    Service()=default;
        -:   18:    Service(const Service&) = delete;
        -:   19:
        -:   20:    // adauga elementul in repository
        -:   21:    // arunca ServiceException daca nu a putut fi creat
        -:   22:    // arunca RepoException daca exista in container
        -:   23:    // arunca ValidatorException daca nu este valid
        -:   24:    void add(const TypeApartament&, const TypeNume&, const TypeSuprafata&, const TypeTip&);
        -:   25:
        -:   26:    // sterge elementul din repository
        -:   27:    // arunca RepoException daca elementul nu exista
        -:   28:    // arunca ValidatorException daca nu este valid
        -:   29:    void remove(const TypeApartament&, const TypeNume&, const TypeSuprafata&, const TypeTip&);
        -:   30:
        -:   31:    // modific primul elemet cu al doilea
        -:   32:    // arunca RepoException daca elementul nu exista
        -:   33:    // arunca ValidatorException daca unul din locatari nu este valid
        -:   34:    void modify(const TypeApartament&, const TypeNume&, const TypeSuprafata&, const TypeTip&, const TypeApartament&, const TypeNume&, const TypeSuprafata&, const TypeTip&);
        -:   35:
        -:   36:    // cauta apartamentul cu numarul dat
        -:   37:    // arunca ServiceException daca nu exista un astfel de apartament
        -:   38:    // arunca InvalidFieldException daca nu este valid
        -:   39:    const Locatar& findApartament(const TypeApartament&);
        -:   40:
        -:   41:    // returnez toate elementele care au tipul dat
        -:   42:    // arunca InvalidFieldException daca nu este valid
        -:   43:    Repository<Locatar> filterTip(const TypeTip&);
        -:   44:
        -:   45:    // returnez toate elementele care au suprafata data?
        -:   46:    // arunca InvalidFieldException daca nu este valid
        -:   47:    Repository<Locatar> filterSuprafata(const TypeSuprafata&);
        -:   48:
        -:   49:    // sortez repository-ul dupa nume crescator
        -:   50:    void sortNume();
        -:   51:
        -:   52:    // sortez repository-ul dupa suprafata crescator
        -:   53:    void sortSuprafata();
        -:   54:
        -:   55:    // sortez repository-ul dupa tip, iar la tipuri egale sortez dupa suprafata
        -:   56:    void sortTipSuprafata();
        -:   57:
        -:   58:    // implementare iteratori de begin si end pentru a putea intera
        -:   59:    Locatar* begin();
        -:   60:    const Locatar* cbegin() const;
        -:   61:    Locatar* end();
        -:   62:    const Locatar* cend() const;
        -:   63:};
        -:   64:
        -:   65:#endif //LAB6_SERVICE_H
