        -:    0:Source:C:/Desktop/OOP/lab6/tests.h
        -:    0:Graph:C:\Desktop\OOP\lab6\cmake-build-debug-coverage\CMakeFiles\lab6.dir\tests.cpp.gcno
        -:    0:Data:C:\Desktop\OOP\lab6\cmake-build-debug-coverage\CMakeFiles\lab6.dir\tests.cpp.gcda
        -:    0:Runs:1
        -:    1://
        -:    2:// Created by Daniel on 25.03.2022.
        -:    3://
        -:    4:
        -:    5:#ifndef LAB6_TESTS_H
        -:    6:#define LAB6_TESTS_H
        -:    7:
        -:    8:#include <cassert>
        -:    9:#include <cstring>
        -:   10:#include <strstream>
        -:   11:#include "exceptions.h"
        -:   12:#include "domain.h"
        -:   13:#include "validator.h"
        -:   14:#include "repository.h"
        -:   15:#include "service.h"
        -:   16:
        -:   17:class ITest{
        -:   18:protected:
        2:   19:    virtual void ctors(){}
        2:   20:    virtual void getters(){}
        4:   21:    virtual void setters(){}
        3:   22:    virtual void operators(){}
        2:   23:    virtual void methods(){}
        3:   24:    virtual void add(){}
        3:   25:    virtual void find(){}
        3:   26:    virtual void remove(){}
        4:   27:    virtual void filter(){}
        4:   28:    virtual void sort(){}
        -:   29:
        -:   30:public:
        5:   31:    void run(){
        5:   32:        ctors();
        5:   33:        getters();
        5:   34:        setters();
        5:   35:        methods();
        5:   36:        operators();
        5:   37:        add();
        5:   38:        find();
        5:   39:        remove();
        5:   40:        filter();
        5:   41:        sort();
        5:   42:    }
        5:   43:    ITest()=default;
        -:   44:};
        -:   45:
        -:   46:void test();
        -:   47:
        -:   48:#endif // LAB6_TESTS_H
