        -:    0:Source:C:/Desktop/OOP/lab6/repository.cpp
        -:    0:Graph:C:\Desktop\OOP\lab6\cmake-build-debug-coverage\CMakeFiles\lab6.dir\tests.cpp.gcno
        -:    0:Data:C:\Desktop\OOP\lab6\cmake-build-debug-coverage\CMakeFiles\lab6.dir\tests.cpp.gcda
        -:    0:Runs:1
        -:    1://
        -:    2:// Created by Daniel on 25.03.2022.
        -:    3://
        -:    4:#pragma once
        -:    5:#include "repository.h"
        -:    6:
        -:    7:template<typename T>
        2:    8:typename vector<T>::iterator Repository<T>::getIterator(T* pointer){ return elements.begin() + (pointer - elements.data()); }
        -:    9:
        -:   10:template<typename T>
        1:   11:Repository<T>::Repository(const Repository<T> & repository) {
        1:   12:    this->elements = repository.elements;
        1:   13:}
        -:   14:
        -:   15:template<typename T>
        1:   16:Repository<T>::Repository(const std::initializer_list<T>& list)
        -:   17:{
        2:   18:    for(const auto& elem : list)
        1:   19:        elements.push_back(elem);
        1:   20:}
        -:   21:
        -:   22:template<typename T>
        9:   23:int Repository<T>::size() const {
        9:   24:    return elements.size();
        -:   25:}
------------------
_ZNK10RepositoryI7LocatarE4sizeEv:
        2:   23:int Repository<T>::size() const {
        2:   24:    return elements.size();
        -:   25:}
------------------
_ZNK10RepositoryIiE4sizeEv:
        7:   23:int Repository<T>::size() const {
        7:   24:    return elements.size();
        -:   25:}
------------------
        -:   26:
        -:   27:template<typename T>
        6:   28:T& Repository<T>::operator[](const int& index)
        -:   29:{
        6:   30:    try{ return elements[index]; }
        -:   31:    catch(...) { throw RepoException("Indexul "+std::to_string(index)+" este invalid!\n");}
        -:   32:}
------------------
_ZN10RepositoryI7LocatarEixERKi:
        1:   28:T& Repository<T>::operator[](const int& index)
        -:   29:{
        1:   30:    try{ return elements[index]; }
        -:   31:    catch(...) { throw RepoException("Indexul "+std::to_string(index)+" este invalid!\n");}
        -:   32:}
------------------
_ZN10RepositoryIiEixERKi:
        5:   28:T& Repository<T>::operator[](const int& index)
        -:   29:{
        5:   30:    try{ return elements[index]; }
        -:   31:    catch(...) { throw RepoException("Indexul "+std::to_string(index)+" este invalid!\n");}
        -:   32:}
------------------
        -:   33:
        -:   34:template<typename T>
       11:   35:void Repository<T>::add(const T & element) {
       11:   36:    const T* it = find(element);
       11:   37:    if(it != NULL) throw RepoException("Element duplicat!\n");
       10:   38:    elements.push_back(element);
       10:   39:}
        -:   40:
        -:   41:template<typename T>
       16:   42:T* Repository<T>::find(const T & element, T* begin, T* end) {
       16:   43:    if(begin == NULL) begin = this->begin();
       16:   44:    if(end == NULL) end = this->end();
       26:   45:    for(auto it=begin; it != end; ++it)
       13:   46:        if(*it == element)
        3:   47:            return it;
       13:   48:    return NULL;
        -:   49:}
        -:   50:
        -:   51:template<typename T> template<class UnaryPredicate>
        4:   52:T* Repository<T>::find(UnaryPredicate fct, T* begin, T* end) {
        4:   53:    if(begin == NULL) begin = this->begin();
       4*:   54:    if(end == NULL) end = this->end();
       8*:   55:    for(auto it=begin; it != end; ++it)
        6:   56:        if(fct(*it))
       2*:   57:            return it;
       2*:   58:    return NULL;
        -:   59:}
------------------
_ZN10RepositoryIiE4findIZN14TestRepository6removeEvEUlRKiE_EEPiT_S6_S6_:
        1:   52:T* Repository<T>::find(UnaryPredicate fct, T* begin, T* end) {
        1:   53:    if(begin == NULL) begin = this->begin();
        1:   54:    if(end == NULL) end = this->end();
       1*:   55:    for(auto it=begin; it != end; ++it)
        1:   56:        if(fct(*it))
        1:   57:            return it;
    #####:   58:    return NULL;
        -:   59:}
------------------
_ZN10RepositoryIiE4findIZN14TestRepository4findEvEUlRKiE1_EEPiT_S6_S6_:
        1:   52:T* Repository<T>::find(UnaryPredicate fct, T* begin, T* end) {
        1:   53:    if(begin == NULL) begin = this->begin();
        1:   54:    if(end == NULL) end = this->end();
        3:   55:    for(auto it=begin; it != end; ++it)
        2:   56:        if(fct(*it))
    #####:   57:            return it;
        1:   58:    return NULL;
        -:   59:}
------------------
_ZN10RepositoryIiE4findIZN14TestRepository4findEvEUlRKiE0_EEPiT_S6_S6_:
        1:   52:T* Repository<T>::find(UnaryPredicate fct, T* begin, T* end) {
        1:   53:    if(begin == NULL) begin = this->begin();
       1*:   54:    if(end == NULL) end = this->end();
        2:   55:    for(auto it=begin; it != end; ++it)
        1:   56:        if(fct(*it))
    #####:   57:            return it;
        1:   58:    return NULL;
        -:   59:}
------------------
_ZN10RepositoryIiE4findIZN14TestRepository4findEvEUlRKiE_EEPiT_S6_S6_:
        1:   52:T* Repository<T>::find(UnaryPredicate fct, T* begin, T* end) {
        1:   53:    if(begin == NULL) begin = this->begin();
        1:   54:    if(end == NULL) end = this->end();
        2:   55:    for(auto it=begin; it != end; ++it)
        2:   56:        if(fct(*it))
        1:   57:            return it;
    #####:   58:    return NULL;
        -:   59:}
------------------
        -:   60:
        -:   61:template<typename T>
        2:   62:void Repository<T>::remove(const T& element) {
        2:   63:    T* it = find(element);
        2:   64:    if(it == NULL) throw RepoException("Elementul inexistent!\n");
        -:   65:
        1:   66:    elements.erase(getIterator(it));
        1:   67:}
        -:   68:
        -:   69:template<typename T> template<class UnaryPredicate>
        1:   70:T Repository<T>::remove(UnaryPredicate fct) {
        1:   71:    T* it = find(fct);
       1*:   72:    if(it == NULL) throw RepoException("Elementul inexistent!\n");
        1:   73:    elements.erase(getIterator(it));
        1:   74:    return *it;
        -:   75:}
        -:   76:
        -:   77:template<typename T>
       27:   78:T* Repository<T>::begin() { return elements.begin().base();}
        -:   79:
        -:   80:template<typename T>
       27:   81:T* Repository<T>::end() {return elements.end().base(); }
        -:   82:
        -:   83:template<typename T>
        -:   84:const T* Repository<T>::cbegin() const {return elements.cbegin().base();}
        -:   85:
        -:   86:template<typename T>
        -:   87:const T* Repository<T>::cend() const { return elements.cend().base();}
        -:   88:
        -:   89:
        -:   90:template<typename T> template<class Compare>
        2:   91:void Repository<T>::sort(Compare compare) {
        2:   92:    std::sort(elements.begin(), elements.end(), compare);
        2:   93:}
------------------
_ZN10RepositoryIiE4sortIZN14TestRepository7methodsEvEUlRKiS4_E_EEvT_:
        1:   91:void Repository<T>::sort(Compare compare) {
        1:   92:    std::sort(elements.begin(), elements.end(), compare);
        1:   93:}
------------------
_ZN10RepositoryIiE4sortISt4lessIiEEEvT_:
        1:   91:void Repository<T>::sort(Compare compare) {
        1:   92:    std::sort(elements.begin(), elements.end(), compare);
        1:   93:}
------------------
